INFO:     Started server process [22088]
INFO:     Waiting for application startup.
2026-04-12 22:17:49,630  INFO      gateway  Gateway ready on port 8000
INFO:     Application startup complete.
INFO:     Uvicorn running on http://0.0.0.0:8000 (Press CTRL+C to quit)
2026-04-12 22:18:01,889  INFO      httpx  HTTP Request: GET http://localhost:8001/health "HTTP/1.1 200 OK"
2026-04-12 22:18:01,891  INFO      httpx  HTTP Request: GET http://localhost:8003/health "HTTP/1.1 200 OK"
2026-04-12 22:18:01,891  INFO      httpx  HTTP Request: GET http://localhost:8002/health "HTTP/1.1 200 OK"
2026-04-12 22:18:04,953  INFO      httpx  HTTP Request: GET http://localhost:8001/health "HTTP/1.1 200 OK"
2026-04-12 22:18:04,955  INFO      httpx  HTTP Request: GET http://localhost:8002/health "HTTP/1.1 200 OK"
2026-04-12 22:18:04,958  INFO      httpx  HTTP Request: GET http://localhost:8003/health "HTTP/1.1 200 OK"
2026-04-12 22:18:05,235  INFO      httpx  HTTP Request: GET http://localhost:8004/health "HTTP/1.1 200 OK"
2026-04-12 22:18:05,250  INFO      httpx  HTTP Request: GET http://localhost:8001/v1/tickers "HTTP/1.1 200 OK"
2026-04-12 22:18:05,270  INFO      httpx  HTTP Request: GET http://localhost:8001/v1/stats "HTTP/1.1 200 OK"
2026-04-12 22:18:05,286  INFO      httpx  HTTP Request: GET http://localhost:8002/v1/model/info "HTTP/1.1 200 OK"
2026-04-12 22:18:06,145  INFO      httpx  HTTP Request: GET http://localhost:8002/v1/predict/HDFCBANK.NS "HTTP/1.1 200 OK"
2026-04-12 22:18:08,588  INFO      httpx  HTTP Request: GET http://localhost:8001/v1/tickers "HTTP/1.1 200 OK"
2026-04-12 22:18:08,608  INFO      httpx  HTTP Request: GET http://localhost:8001/v1/stats "HTTP/1.1 200 OK"
2026-04-12 22:18:08,622  INFO      httpx  HTTP Request: GET http://localhost:8002/v1/model/info "HTTP/1.1 200 OK"
2026-04-12 22:18:08,655  INFO      httpx  HTTP Request: GET http://localhost:8002/v1/predict/INFY.NS "HTTP/1.1 200 OK"
2026-04-12 22:18:13,756  INFO      httpx  HTTP Request: POST http://localhost:8004/v1/agent/analyse "HTTP/1.1 200 OK"
2026-04-12 22:18:36,748  INFO      httpx  HTTP Request: GET http://localhost:8001/v1/tickers "HTTP/1.1 200 OK"
2026-04-12 22:18:36,758  INFO      httpx  HTTP Request: GET http://localhost:8001/v1/stats "HTTP/1.1 200 OK"
2026-04-12 22:18:37,019  INFO      httpx  HTTP Request: GET http://localhost:8002/v1/model/info "HTTP/1.1 200 OK"
2026-04-12 22:18:37,033  INFO      httpx  HTTP Request: GET http://localhost:8002/v1/predict/HDFCBANK.NS "HTTP/1.1 200 OK"
2026-04-12 22:19:06,451  INFO      httpx  HTTP Request: GET http://localhost:8001/v1/tickers "HTTP/1.1 200 OK"
2026-04-12 22:19:06,463  INFO      httpx  HTTP Request: GET http://localhost:8001/v1/stats "HTTP/1.1 200 OK"
2026-04-12 22:19:06,719  INFO      httpx  HTTP Request: GET http://localhost:8002/v1/model/info "HTTP/1.1 200 OK"
2026-04-12 22:19:06,735  INFO      httpx  HTTP Request: GET http://localhost:8002/v1/predict/HDFCBANK.NS "HTTP/1.1 200 OK"
2026-04-12 22:19:36,752  INFO      httpx  HTTP Request: GET http://localhost:8001/v1/tickers "HTTP/1.1 200 OK"
2026-04-12 22:19:36,758  INFO      httpx  HTTP Request: GET http://localhost:8001/v1/stats "HTTP/1.1 200 OK"
2026-04-12 22:19:37,017  INFO      httpx  HTTP Request: GET http://localhost:8002/v1/model/info "HTTP/1.1 200 OK"
2026-04-12 22:19:37,032  INFO      httpx  HTTP Request: GET http://localhost:8002/v1/predict/HDFCBANK.NS "HTTP/1.1 200 OK"
2026-04-12 22:20:06,435  INFO      httpx  HTTP Request: GET http://localhost:8001/v1/tickers "HTTP/1.1 200 OK"
2026-04-12 22:20:06,445  INFO      httpx  HTTP Request: GET http://localhost:8001/v1/stats "HTTP/1.1 200 OK"
2026-04-12 22:20:06,705  INFO      httpx  HTTP Request: GET http://localhost:8002/v1/model/info "HTTP/1.1 200 OK"
2026-04-12 22:20:06,717  INFO      httpx  HTTP Request: GET http://localhost:8002/v1/predict/HDFCBANK.NS "HTTP/1.1 200 OK"
2026-04-12 22:20:36,756  INFO      httpx  HTTP Request: GET http://localhost:8001/v1/tickers "HTTP/1.1 200 OK"
2026-04-12 22:20:36,767  INFO      httpx  HTTP Request: GET http://localhost:8001/v1/stats "HTTP/1.1 200 OK"
2026-04-12 22:20:37,038  INFO      httpx  HTTP Request: GET http://localhost:8002/v1/model/info "HTTP/1.1 200 OK"
2026-04-12 22:20:37,055  INFO      httpx  HTTP Request: GET http://localhost:8002/v1/predict/HDFCBANK.NS "HTTP/1.1 200 OK"
2026-04-12 22:21:06,443  INFO      httpx  HTTP Request: GET http://localhost:8001/v1/tickers "HTTP/1.1 200 OK"
2026-04-12 22:21:06,446  INFO      httpx  HTTP Request: GET http://localhost:8001/v1/stats "HTTP/1.1 200 OK"
2026-04-12 22:21:06,727  INFO      httpx  HTTP Request: GET http://localhost:8002/v1/model/info "HTTP/1.1 200 OK"
2026-04-12 22:21:06,741  INFO      httpx  HTTP Request: GET http://localhost:8002/v1/predict/HDFCBANK.NS "HTTP/1.1 200 OK"
2026-04-12 22:21:36,776  INFO      httpx  HTTP Request: GET http://localhost:8001/v1/tickers "HTTP/1.1 200 OK"
2026-04-12 22:21:36,784  INFO      httpx  HTTP Request: GET http://localhost:8001/v1/stats "HTTP/1.1 200 OK"
2026-04-12 22:21:37,059  INFO      httpx  HTTP Request: GET http://localhost:8002/v1/model/info "HTTP/1.1 200 OK"
2026-04-12 22:21:37,074  INFO      httpx  HTTP Request: GET http://localhost:8002/v1/predict/HDFCBANK.NS "HTTP/1.1 200 OK"
2026-04-12 22:22:06,464  INFO      httpx  HTTP Request: GET http://localhost:8001/v1/tickers "HTTP/1.1 200 OK"
2026-04-12 22:22:06,474  INFO      httpx  HTTP Request: GET http://localhost:8001/v1/stats "HTTP/1.1 200 OK"
2026-04-12 22:22:06,747  INFO      httpx  HTTP Request: GET http://localhost:8002/v1/model/info "HTTP/1.1 200 OK"
2026-04-12 22:22:06,762  INFO      httpx  HTTP Request: GET http://localhost:8002/v1/predict/HDFCBANK.NS "HTTP/1.1 200 OK"
2026-04-12 22:22:32,039  INFO      httpx  HTTP Request: POST http://localhost:8003/v1/insight "HTTP/1.1 200 OK"
2026-04-12 22:22:36,471  INFO      httpx  HTTP Request: GET http://localhost:8001/v1/tickers "HTTP/1.1 200 OK"
2026-04-12 22:22:36,481  INFO      httpx  HTTP Request: GET http://localhost:8001/v1/stats "HTTP/1.1 200 OK"
2026-04-12 22:22:36,755  INFO      httpx  HTTP Request: GET http://localhost:8002/v1/model/info "HTTP/1.1 200 OK"
2026-04-12 22:22:36,765  INFO      httpx  HTTP Request: GET http://localhost:8002/v1/predict/HDFCBANK.NS "HTTP/1.1 200 OK"
2026-04-12 22:23:06,450  INFO      httpx  HTTP Request: GET http://localhost:8001/v1/tickers "HTTP/1.1 200 OK"
2026-04-12 22:23:06,456  INFO      httpx  HTTP Request: GET http://localhost:8001/v1/stats "HTTP/1.1 200 OK"
2026-04-12 22:23:06,718  INFO      httpx  HTTP Request: GET http://localhost:8002/v1/model/info "HTTP/1.1 200 OK"
2026-04-12 22:23:06,739  INFO      httpx  HTTP Request: GET http://localhost:8002/v1/predict/HDFCBANK.NS "HTTP/1.1 200 OK"
2026-04-12 22:23:36,816  INFO      httpx  HTTP Request: GET http://localhost:8001/v1/tickers "HTTP/1.1 200 OK"
2026-04-12 22:23:36,821  INFO      httpx  HTTP Request: GET http://localhost:8001/v1/stats "HTTP/1.1 200 OK"
2026-04-12 22:23:37,085  INFO      httpx  HTTP Request: GET http://localhost:8002/v1/model/info "HTTP/1.1 200 OK"
2026-04-12 22:23:37,097  INFO      httpx  HTTP Request: GET http://localhost:8002/v1/predict/HDFCBANK.NS "HTTP/1.1 200 OK"
2026-04-12 22:24:06,490  INFO      httpx  HTTP Request: GET http://localhost:8001/v1/tickers "HTTP/1.1 200 OK"
2026-04-12 22:24:06,492  INFO      httpx  HTTP Request: GET http://localhost:8001/v1/stats "HTTP/1.1 200 OK"
2026-04-12 22:24:06,773  INFO      httpx  HTTP Request: GET http://localhost:8002/v1/model/info "HTTP/1.1 200 OK"
2026-04-12 22:24:06,786  INFO      httpx  HTTP Request: GET http://localhost:8002/v1/predict/HDFCBANK.NS "HTTP/1.1 200 OK"
